<?xml version="1.0" encoding="UTF-8" ?>
<testsuite tests="56" failures="0" name="com.hybridvisions.oasiisj.AppPropertiesTest" time="1.398" errors="0" skipped="0">
  <properties>
    <property name="java.runtime.name" value="Java(TM) SE Runtime Environment"/>
    <property name="sun.boot.library.path" value="C:\Program Files\Java\jdk1.8.0_60\jre\bin"/>
    <property name="java.vm.version" value="25.60-b18"/>
    <property name="java.vm.vendor" value="Oracle Corporation"/>
    <property name="java.vendor.url" value="http://java.oracle.com/"/>
    <property name="path.separator" value=";"/>
    <property name="guice.disable.misplaced.annotation.check" value="true"/>
    <property name="java.vm.name" value="Java HotSpot(TM) 64-Bit Server VM"/>
    <property name="file.encoding.pkg" value="sun.io"/>
    <property name="user.script" value=""/>
    <property name="user.country" value="CA"/>
    <property name="sun.java.launcher" value="SUN_STANDARD"/>
    <property name="sun.os.patch.level" value=""/>
    <property name="java.vm.specification.name" value="Java Virtual Machine Specification"/>
    <property name="user.dir" value="C:\test-workspace\oasiisj"/>
    <property name="java.runtime.version" value="1.8.0_60-ea-b18"/>
    <property name="java.awt.graphicsenv" value="sun.awt.Win32GraphicsEnvironment"/>
    <property name="java.endorsed.dirs" value="C:\Program Files\Java\jdk1.8.0_60\jre\lib\endorsed"/>
    <property name="os.arch" value="amd64"/>
    <property name="java.io.tmpdir" value="C:\Users\P\AppData\Local\Temp\"/>
    <property name="line.separator" value="
"/>
    <property name="java.vm.specification.vendor" value="Oracle Corporation"/>
    <property name="user.variant" value=""/>
    <property name="os.name" value="Windows 8.1"/>
    <property name="classworlds.conf" value="C:\test-workspace\.metadata\.plugins\org.eclipse.m2e.launching\launches\m2conf5042027027075512393.tmp"/>
    <property name="sun.jnu.encoding" value="Cp1252"/>
    <property name="java.library.path" value="C:\Program Files\Java\jdk1.8.0_60\bin;C:\Windows\Sun\Java\bin;C:\Windows\system32;C:\Windows;C:/Program Files/Java/jre1.8.0_60/bin/server;C:/Program Files/Java/jre1.8.0_60/bin;C:/Program Files/Java/jre1.8.0_60/lib/amd64;C:\Program Files (x86)\ImageMagick-6.5.6-Q8;C:\MinGW\bin;C:\ProgramData\Oracle\Java\javapath;C:\DevKit\bin;C:\Ruby186\bin;c:\Program Files (x86)\Intel\iCLS Client\;c:\Program Files\Intel\iCLS Client\;C:\Windows\system32;C:\Windows;C:\Windows\System32\Wbem;C:\Windows\System32\WindowsPowerShell\v1.0\;C:\Program Files\Java\jdk1.8.0_60\bin;%SPING_HOME%\bin;C:\Program Files\Apache Software Foundation\apache-maven-3.3.3\bin;C:\Program Files\Intel\Intel(R) Management Engine Components\DAL;C:\Program Files\Intel\Intel(R) Management Engine Components\IPT;C:\Program Files (x86)\Intel\Intel(R) Management Engine Components\DAL;C:\Program Files (x86)\Intel\Intel(R) Management Engine Components\IPT;C:\Program Files (x86)\Skype\Phone\;C:\Program Files\Intel\WiFi\bin\;C:\Program Files\Common Files\Intel\WirelessCommon\;C:\Program Files (x86)\nodejs\;C:\Program Files (x86)\BaseX\bin;C:\Program Files\TortoiseHg\;C:\Ruby186\bin;C:\Users\P\AppData\Roaming\npm;C:\eclipse;;."/>
    <property name="java.specification.name" value="Java Platform API Specification"/>
    <property name="java.class.version" value="52.0"/>
    <property name="sun.management.compiler" value="HotSpot 64-Bit Tiered Compilers"/>
    <property name="os.version" value="6.3"/>
    <property name="user.home" value="C:\Users\P"/>
    <property name="user.timezone" value="America/New_York"/>
    <property name="java.awt.printerjob" value="sun.awt.windows.WPrinterJob"/>
    <property name="java.specification.version" value="1.8"/>
    <property name="file.encoding" value="Cp1252"/>
    <property name="user.name" value="P"/>
    <property name="java.class.path" value="/C:/eclipse/plugins/org.eclipse.m2e.maven.runtime_1.5.1.20150109-1819/jars/plexus-classworlds-2.5.1.jar"/>
    <property name="org.slf4j.simpleLogger.defaultLogLevel" value="info"/>
    <property name="java.vm.specification.version" value="1.8"/>
    <property name="sun.arch.data.model" value="64"/>
    <property name="java.home" value="C:\Program Files\Java\jdk1.8.0_60\jre"/>
    <property name="sun.java.command" value="org.codehaus.plexus.classworlds.launcher.Launcher -B install"/>
    <property name="java.specification.vendor" value="Oracle Corporation"/>
    <property name="user.language" value="en"/>
    <property name="awt.toolkit" value="sun.awt.windows.WToolkit"/>
    <property name="java.vm.info" value="mixed mode"/>
    <property name="java.version" value="1.8.0_60-ea"/>
    <property name="java.ext.dirs" value="C:\Program Files\Java\jdk1.8.0_60\jre\lib\ext;C:\Windows\Sun\Java\lib\ext"/>
    <property name="sun.boot.class.path" value="C:\Program Files\Java\jdk1.8.0_60\jre\lib\resources.jar;C:\Program Files\Java\jdk1.8.0_60\jre\lib\rt.jar;C:\Program Files\Java\jdk1.8.0_60\jre\lib\sunrsasign.jar;C:\Program Files\Java\jdk1.8.0_60\jre\lib\jsse.jar;C:\Program Files\Java\jdk1.8.0_60\jre\lib\jce.jar;C:\Program Files\Java\jdk1.8.0_60\jre\lib\charsets.jar;C:\Program Files\Java\jdk1.8.0_60\jre\lib\jfr.jar;C:\Program Files\Java\jdk1.8.0_60\jre\classes"/>
    <property name="java.vendor" value="Oracle Corporation"/>
    <property name="maven.home" value="C:\test-workspace\oasiisj\EMBEDDED"/>
    <property name="file.separator" value="\"/>
    <property name="java.vendor.url.bug" value="http://bugreport.sun.com/bugreport/"/>
    <property name="sun.cpu.endian" value="little"/>
    <property name="sun.io.unicode.encoding" value="UnicodeLittle"/>
    <property name="sun.desktop" value="windows"/>
    <property name="sun.cpu.isalist" value="amd64"/>
  </properties>
  <testcase classname="com.hybridvisions.oasiisj.AppPropertiesTest" name="testGetHelpdeskEmail" time="1.315"/>
  <testcase classname="com.hybridvisions.oasiisj.AppPropertiesTest" name="testGetLoggingConfigFile" time="0"/>
  <testcase classname="com.hybridvisions.oasiisj.AppPropertiesTest" name="testGetTimeoutSessionPing" time="0"/>
  <testcase classname="com.hybridvisions.oasiisj.AppPropertiesTest" name="testGetTimeoutSessionPingTablet" time="0"/>
  <testcase classname="com.hybridvisions.oasiisj.AppPropertiesTest" name="testGetInivitationEmailSubject" time="0"/>
  <testcase classname="com.hybridvisions.oasiisj.AppPropertiesTest" name="testIsServerEmailOverwriteFrom" time="0"/>
  <testcase classname="com.hybridvisions.oasiisj.AppPropertiesTest" name="testIsAccountManagementEnabled" time="0"/>
  <testcase classname="com.hybridvisions.oasiisj.AppPropertiesTest" name="testAllowPropertiesAutoReload" time="0"/>
  <testcase classname="com.hybridvisions.oasiisj.AppPropertiesTest" name="testGetInivitationEmailGroupSubject" time="0"/>
  <testcase classname="com.hybridvisions.oasiisj.AppPropertiesTest" name="testGetCompanyHelpdeskEmailSubject" time="0"/>
  <testcase classname="com.hybridvisions.oasiisj.AppPropertiesTest" name="testIsChampsExportingServiceActivated" time="0.001"/>
  <testcase classname="com.hybridvisions.oasiisj.AppPropertiesTest" name="testIsStartEmbeddedMessageBroker" time="0.006"/>
  <testcase classname="com.hybridvisions.oasiisj.AppPropertiesTest" name="testIsStandaloneVersion" time="0"/>
  <testcase classname="com.hybridvisions.oasiisj.AppPropertiesTest" name="testGetEmailBody" time="0"/>
  <testcase classname="com.hybridvisions.oasiisj.AppPropertiesTest" name="testGetSalesEmail" time="0"/>
  <testcase classname="com.hybridvisions.oasiisj.AppPropertiesTest" name="testIsOldDomainReport" time="0.001"/>
  <testcase classname="com.hybridvisions.oasiisj.AppPropertiesTest" name="testGetMailSmtpHost" time="0"/>
  <testcase classname="com.hybridvisions.oasiisj.AppPropertiesTest" name="testGetTimeoutUserPing" time="0"/>
  <testcase classname="com.hybridvisions.oasiisj.AppPropertiesTest" name="testGetCompanyHelpdeskEmailBodyWebEngine" time="0"/>
  <testcase classname="com.hybridvisions.oasiisj.AppPropertiesTest" name="testGetClusterQueueSize" time="0"/>
  <testcase classname="com.hybridvisions.oasiisj.AppPropertiesTest" name="testGetLicensingStrategyFile" time="0.011"/>
  <testcase classname="com.hybridvisions.oasiisj.AppPropertiesTest" name="testGetInivitationEmailGroupBody" time="0"/>
  <testcase classname="com.hybridvisions.oasiisj.AppPropertiesTest" name="testGetReferralEmailBodyWebEngine" time="0"/>
  <testcase classname="com.hybridvisions.oasiisj.AppPropertiesTest" name="testSetT56IETM" time="0.057"/>
  <testcase classname="com.hybridvisions.oasiisj.AppPropertiesTest" name="testGetReferralEmailBody" time="0"/>
  <testcase classname="com.hybridvisions.oasiisj.AppPropertiesTest" name="testGetEmailSubject" time="0"/>
  <testcase classname="com.hybridvisions.oasiisj.AppPropertiesTest" name="testGetDomainReportName" time="0"/>
  <testcase classname="com.hybridvisions.oasiisj.AppPropertiesTest" name="testGetActionProps" time="0"/>
  <testcase classname="com.hybridvisions.oasiisj.AppPropertiesTest" name="testGetPropertyString" time="0"/>
  <testcase classname="com.hybridvisions.oasiisj.AppPropertiesTest" name="testGetMessageBrokerConnection" time="0"/>
  <testcase classname="com.hybridvisions.oasiisj.AppPropertiesTest" name="testGetOTPCertsPath" time="0"/>
  <testcase classname="com.hybridvisions.oasiisj.AppPropertiesTest" name="testGetReferralGroupBody" time="0"/>
  <testcase classname="com.hybridvisions.oasiisj.AppPropertiesTest" name="testGetEmbeddedMessageBrokerParameters" time="0"/>
  <testcase classname="com.hybridvisions.oasiisj.AppPropertiesTest" name="testGetMessageBrokerTimeout" time="0"/>
  <testcase classname="com.hybridvisions.oasiisj.AppPropertiesTest" name="testIsDirectLocaFilesAccess" time="0"/>
  <testcase classname="com.hybridvisions.oasiisj.AppPropertiesTest" name="testSetTimberjack" time="0.002"/>
  <testcase classname="com.hybridvisions.oasiisj.AppPropertiesTest" name="testIsAuditLoggingEnabled" time="0"/>
  <testcase classname="com.hybridvisions.oasiisj.AppPropertiesTest" name="testGetPropertyStringString" time="0"/>
  <testcase classname="com.hybridvisions.oasiisj.AppPropertiesTest" name="testGetClusterMode" time="0"/>
  <testcase classname="com.hybridvisions.oasiisj.AppPropertiesTest" name="testGetReferralGroupSubject" time="0"/>
  <testcase classname="com.hybridvisions.oasiisj.AppPropertiesTest" name="testGetReloadOasiisJList" time="0.001"/>
  <testcase classname="com.hybridvisions.oasiisj.AppPropertiesTest" name="testGetStandaloneINIProperty" time="0"/>
  <testcase classname="com.hybridvisions.oasiisj.AppPropertiesTest" name="testGetSessionStartEmailSubject" time="0"/>
  <testcase classname="com.hybridvisions.oasiisj.AppPropertiesTest" name="testIsT56IETM" time="0"/>
  <testcase classname="com.hybridvisions.oasiisj.AppPropertiesTest" name="testGetServerEmail" time="0"/>
  <testcase classname="com.hybridvisions.oasiisj.AppPropertiesTest" name="testGetInivitationEmailBody" time="0"/>
  <testcase classname="com.hybridvisions.oasiisj.AppPropertiesTest" name="testGetReferralEmailSubject" time="0"/>
  <testcase classname="com.hybridvisions.oasiisj.AppPropertiesTest" name="testGetOasiisJConfigFile" time="0"/>
  <testcase classname="com.hybridvisions.oasiisj.AppPropertiesTest" name="testGetDefaultColourTheme" time="0"/>
  <testcase classname="com.hybridvisions.oasiisj.AppPropertiesTest" name="testGetServiceLevel" time="0"/>
  <testcase classname="com.hybridvisions.oasiisj.AppPropertiesTest" name="testGetSessionStartEmailBody" time="0"/>
  <testcase classname="com.hybridvisions.oasiisj.AppPropertiesTest" name="testIsTimberjack" time="0.003"/>
  <testcase classname="com.hybridvisions.oasiisj.AppPropertiesTest" name="testIsStandalone" time="0"/>
  <testcase classname="com.hybridvisions.oasiisj.AppPropertiesTest" name="testSubstOasiisJHome" time="0"/>
  <testcase classname="com.hybridvisions.oasiisj.AppPropertiesTest" name="testGetInstance" time="0.001"/>
  <testcase classname="com.hybridvisions.oasiisj.AppPropertiesTest" name="testGetCompanyHelpdeskEmailBody" time="0"/>
</testsuite>